<?xml version="1.0" encoding="UTF-8"?>
<testng-results total="2" passed="2" failed="0" skipped="0">
  <reporter-output>
    <line>
      <![CDATA[=====Browser Session Started=====]]>
    </line>
    <line>
      <![CDATA[=====Application Started=====]]>
    </line>
    <line>
      <![CDATA[=====Browser Session End=====]]>
    </line>
  </reporter-output>
  <suite started-at="2018-07-12T09:05:25Z" name="Default suite" finished-at="2018-07-12T09:06:17Z" duration-ms="52284">
    <groups>
    </groups>
    <test started-at="2018-07-12T09:05:25Z" name="Default test" finished-at="2018-07-12T09:06:17Z" duration-ms="52284">
      <class name="com.jala.testsuites.SearchTest">
        <test-method is-config="true" signature="setupApplication()[pri:0, instance:com.jala.testsuites.SearchTest@32ee6fee]" started-at="2018-07-12T14:35:25Z" name="setupApplication" finished-at="2018-07-12T14:35:41Z" duration-ms="15517" status="PASS">
          <reporter-output>
            <line>
              <![CDATA[=====Browser Session Started=====]]>
            </line>
            <line>
              <![CDATA[=====Application Started=====]]>
            </line>
          </reporter-output>
        </test-method> <!-- setupApplication -->
        <test-method signature="validloginAdmin()[pri:0, instance:com.jala.testsuites.SearchTest@32ee6fee]" started-at="2018-07-12T14:35:41Z" name="validloginAdmin" finished-at="2018-07-12T14:35:52Z" duration-ms="11639" status="PASS">
          <reporter-output>
          </reporter-output>
        </test-method> <!-- validloginAdmin -->
        <test-method signature="search()[pri:0, instance:com.jala.testsuites.SearchTest@32ee6fee]" started-at="2018-07-12T14:35:52Z" name="search" finished-at="2018-07-12T14:36:17Z" duration-ms="25008" status="PASS">
          <reporter-output>
          </reporter-output>
        </test-method> <!-- search -->
        <test-method is-config="true" signature="closeApplication()[pri:0, instance:com.jala.testsuites.SearchTest@32ee6fee]" started-at="2018-07-12T14:36:17Z" name="closeApplication" finished-at="2018-07-12T14:36:17Z" duration-ms="1" status="PASS">
          <reporter-output>
            <line>
              <![CDATA[=====Browser Session End=====]]>
            </line>
          </reporter-output>
        </test-method> <!-- closeApplication -->
      </class> <!-- com.jala.testsuites.SearchTest -->
    </test> <!-- Default test -->
  </suite> <!-- Default suite -->
</testng-results>
